2015-02-21 08:25 GMT 12.980090 High Tide
1829-03-07 07:59 LMT 12.977268 High Tide
2033-03-03 08:09 GMT 12.972845 High Tide
1962-03-08 08:10 GMT 12.971929 High Tide
1882-02-20 08:18 GMT 12.965094 High Tide
1812-03-15 08:14 LMT 12.963099 High Tide
1811-02-25 08:16 LMT 12.956373 High Tide
1794-03-04 08:30 LMT 12.955200 High Tide
2050-02-23 07:55 GMT 12.953993 High Tide
1980-03-18 08:54 BST 12.949068 High Tide
...
1776-03-21 14:00 LMT -0.155763 Low  Tide
2050-02-23 14:12 GMT -0.158964 Low  Tide
1812-03-14 13:47 LMT -0.159275 Low  Tide
2033-03-03 14:25 GMT -0.164418 Low  Tide
1847-03-18 13:59 LMT -0.172019 Low  Tide
1794-03-03 14:04 LMT -0.173871 Low  Tide
1829-03-07 14:16 LMT -0.180389 Low  Tide
1997-03-10 13:56 GMT -0.181071 Low  Tide
1962-03-08 14:27 GMT -0.182978 Low  Tide
1980-03-18 15:10 BST -0.201776 Low  Tide
---
1829-03-07 07:59 LMT 13.157657 High Tide
1962-03-08 08:10 GMT 13.154907 High Tide
1980-03-18 08:54 BST 13.150844 High Tide
2033-03-03 08:09 GMT 13.137264 High Tide
1812-03-15 08:14 LMT 13.116375 High Tide
2050-02-23 07:55 GMT 13.112957 High Tide
2015-02-21 08:25 GMT 13.099208 High Tide
1847-03-18 07:42 LMT 13.096268 High Tide
1997-03-10 07:39 GMT 13.095352 High Tide
1882-02-20 08:18 GMT 13.074411 High Tide
