1960-10-01 10:00 PM BST   2.636409
1960-10-01 10:20 PM BST   2.362598
1960-10-01 10:40 PM BST   2.189427
1960-10-01 11:00 PM BST   2.124963
1960-10-01 11:20 PM BST   2.173275
1960-10-01 11:40 PM BST   2.333843
1960-10-02 12:00 AM BST   2.601627
1960-10-02 12:20 AM BST   2.967761
1960-10-02 12:40 AM BST   3.420677
1960-10-02  1:00 AM BST   3.947360
1960-10-02  1:20 AM BST   4.534401
1960-10-02  1:40 AM BST   5.168598
1960-10-02  2:00 AM BST   5.836953
1960-10-02  2:20 AM BST   6.526125
1960-10-02  2:40 AM BST   7.221550
1960-10-02  2:00 AM GMT   7.906553
1960-10-02  2:20 AM GMT   8.561810
1960-10-02  2:40 AM GMT   9.165479
1960-10-02  3:00 AM GMT   9.694128
1960-10-02  3:20 AM GMT  10.124447
1960-10-02  3:40 AM GMT  10.435476
1960-10-02  4:00 AM GMT  10.610977
1960-10-02  4:20 AM GMT  10.641476
1960-10-02  4:40 AM GMT  10.525556
1960-10-02  5:00 AM GMT  10.270113
1960-10-01 11:01 PM BST   2.12 meters  Low Tide
1960-10-02  4:14 AM GMT  10.65 meters  High Tide
