1960-04-09 11:00 PM GMT   1.703647
1960-04-09 11:20 PM GMT   1.591716
1960-04-09 11:40 PM GMT   1.615976
1960-04-10 12:00 AM GMT   1.780408
1960-04-10 12:20 AM GMT   2.082365
1960-04-10 12:40 AM GMT   2.512379
1960-04-10  1:00 AM GMT   3.054943
1960-04-10  1:20 AM GMT   3.690084
1960-04-10  1:40 AM GMT   4.395371
1960-04-10  3:00 AM BST   5.147911
1960-04-10  3:20 AM BST   5.925896
1960-04-10  3:40 AM BST   6.709396
1960-04-10  4:00 AM BST   7.480332
1960-04-10  4:20 AM BST   8.221757
1960-04-10  4:40 AM BST   8.916811
1960-04-10  5:00 AM BST   9.547769
1960-04-10  5:20 AM BST  10.095636
1960-04-10  5:40 AM BST  10.540567
1960-04-10  6:00 AM BST  10.863166
1960-04-10  6:20 AM BST  11.046509
1960-04-10  6:40 AM BST  11.078460
1960-04-10  7:00 AM BST  10.953770
1960-04-09 11:27 PM GMT   1.58 meters  Low Tide
1960-04-10  6:34 AM BST  11.09 meters  High Tide
