Station: Hinkley Point, England, U.K.
2014-06-13 12:00 AM BST   2.297633
2014-06-13  1:00 AM BST   1.167132
2014-06-13  2:00 AM BST   1.290330
2014-06-13  3:00 AM BST   2.786986
2014-06-13  4:00 AM BST   5.135414
2014-06-13  5:00 AM BST   7.660478
2014-06-13  6:00 AM BST   9.905004
2014-06-13  7:00 AM BST  11.358863
2014-06-13  8:00 AM BST  11.389247
2014-06-13  9:00 AM BST   9.860607
2014-06-13 10:00 AM BST   7.457279
2014-06-13 11:00 AM BST   5.030132
2014-06-13 12:00 PM BST   2.960626
2014-06-13  1:00 PM BST   1.463043
2014-06-13  2:00 PM BST   1.023468
2014-06-13  3:00 PM BST   2.005095
2014-06-13  4:00 PM BST   4.102261
2014-06-13  5:00 PM BST   6.638724
2014-06-13  6:00 PM BST   9.127141
2014-06-13  7:00 PM BST  11.115682
2014-06-13  8:00 PM BST  11.882148
2014-06-13  9:00 PM BST  10.941504
2014-06-13 10:00 PM BST   8.707328
2014-06-13 11:00 PM BST   6.114657
2014-06-14 12:00 AM BST   3.744935
2014-06-13  1:25 AM BST   1.04 meters  Low Tide
2014-06-13  7:31 AM BST  11.58 meters  High Tide
2014-06-13  1:50 PM BST   1.00 meters  Low Tide
2014-06-13  7:58 PM BST  11.88 meters  High Tide
